[debug] [2024-03-13T18:47:33.659Z] ----------------------------------------------------------------------
[debug] [2024-03-13T18:47:33.666Z] Command:       C:\Program Files\nodejs\New Folder\node.exe C:\Users\K.CHARULATHA\AppData\Roaming\npm\node_modules\firebase-tools\lib\bin\firebase.js init
[debug] [2024-03-13T18:47:33.666Z] CLI Version:   13.4.1
[debug] [2024-03-13T18:47:33.667Z] Platform:      win32
[debug] [2024-03-13T18:47:33.667Z] Node Version:  v20.11.1
[debug] [2024-03-13T18:47:33.667Z] Time:          Thu Mar 14 2024 00:17:33 GMT+0530 (India Standard Time)
[debug] [2024-03-13T18:47:33.667Z] ----------------------------------------------------------------------
[debug] 
[debug] [2024-03-13T18:47:33.943Z] > command requires scopes: ["email","openid","https://www.googleapis.com/auth/cloudplatformprojects.readonly","https://www.googleapis.com/auth/firebase","https://www.googleapis.com/auth/cloud-platform"]
[debug] [2024-03-13T18:47:33.944Z] > authorizing via signed-in user (kclit1711@gmail.com)
[info] 
     ######## #### ########  ######## ########     ###     ######  ########
     ##        ##  ##     ## ##       ##     ##  ##   ##  ##       ##
     ######    ##  ########  ######   ########  #########  ######  ######
     ##        ##  ##    ##  ##       ##     ## ##     ##       ## ##
     ##       #### ##     ## ######## ########  ##     ##  ######  ########

You're about to initialize a Firebase project in this directory:

  C:\Users\K.CHARULATHA

Before we get started, keep in mind:

  * You are initializing within an existing Firebase project directory

